<?xml version="1.0" encoding="UTF-8"?>
<!-- Generated by org.testng.reporters.JUnitReportReporter -->
<testsuite skipped="0" hostname="admin-HP" name="test1.demoB" tests="1" failures="0" timestamp="24 Oct 2017 07:02:43 GMT" time="0.002" errors="0">
  <testcase name="test2" time="0.002" classname="test1.demoB"/>
</testsuite> <!-- test1.demoB -->
