<?xml version="1.0" encoding="UTF-8"?>
<!-- Generated by org.testng.reporters.JUnitReportReporter -->
<testsuite skipped="0" hostname="admin-HP" name="test1.demoA" tests="2" failures="0" timestamp="24 Oct 2017 07:02:43 GMT" time="0.016" errors="0">
  <testcase name="testA" time="0.014" classname="test1.demoA"/>
  <testcase name="testB" time="0.002" classname="test1.demoA"/>
</testsuite> <!-- test1.demoA -->
